h:\cppthirdseasoncourse\38\abcbank\bankserver\x64\debug\vc140.pdb
h:\cppthirdseasoncourse\38\abcbank\bankserver\x64\debug\deposit.obj
h:\cppthirdseasoncourse\38\abcbank\bankserver\x64\debug\closeaccount.obj
h:\cppthirdseasoncourse\38\abcbank\bankserver\x64\debug\changepassword.obj
h:\cppthirdseasoncourse\38\abcbank\bankserver\x64\debug\balanceinquiry.obj
h:\cppthirdseasoncourse\38\abcbank\bankserver\x64\debug\bankthread.obj
h:\cppthirdseasoncourse\38\abcbank\bankserver\x64\debug\banksession.obj
h:\cppthirdseasoncourse\38\abcbank\bankserver\x64\debug\timestamp.obj
h:\cppthirdseasoncourse\38\abcbank\bankserver\x64\debug\systemconfig.obj
h:\cppthirdseasoncourse\38\abcbank\bankserver\x64\debug\stringutil.obj
h:\cppthirdseasoncourse\38\abcbank\bankserver\x64\debug\socket.obj
h:\cppthirdseasoncourse\38\abcbank\bankserver\x64\debug\md5.obj
h:\cppthirdseasoncourse\38\abcbank\bankserver\x64\debug\logstream.obj
h:\cppthirdseasoncourse\38\abcbank\bankserver\x64\debug\logging.obj
h:\cppthirdseasoncourse\38\abcbank\bankserver\x64\debug\jutil.obj
h:\cppthirdseasoncourse\38\abcbank\bankserver\x64\debug\jthread.obj
h:\cppthirdseasoncourse\38\abcbank\bankserver\x64\debug\joutstream.obj
h:\cppthirdseasoncourse\38\abcbank\bankserver\x64\debug\jinstream.obj
h:\cppthirdseasoncourse\38\abcbank\bankserver\x64\debug\idea.obj
h:\cppthirdseasoncourse\38\abcbank\bankserver\x64\debug\exception.obj
h:\cppthirdseasoncourse\38\abcbank\bankserver\x64\debug\date.obj
h:\cppthirdseasoncourse\38\abcbank\bankserver\x64\debug\transactionmanager.obj
h:\cppthirdseasoncourse\38\abcbank\bankserver\x64\debug\server.obj
h:\cppthirdseasoncourse\38\abcbank\bankserver\x64\debug\main.obj
h:\cppthirdseasoncourse\38\abcbank\bankserver\x64\debug\mysqldb.obj
h:\cppthirdseasoncourse\38\abcbank\bankserver\x64\debug\bankservice.obj
h:\cppthirdseasoncourse\38\abcbank\bankserver\x64\debug\withdrawal.obj
h:\cppthirdseasoncourse\38\abcbank\bankserver\x64\debug\userlogin.obj
h:\cppthirdseasoncourse\38\abcbank\bankserver\x64\debug\transfer.obj
h:\cppthirdseasoncourse\38\abcbank\bankserver\x64\debug\queryhistorybill.obj
h:\cppthirdseasoncourse\38\abcbank\bankserver\x64\debug\querydaybill.obj
h:\cppthirdseasoncourse\38\abcbank\bankserver\x64\debug\queryaccounthistorybill.obj
h:\cppthirdseasoncourse\38\abcbank\bankserver\x64\debug\openaccount.obj
h:\cppthirdseasoncourse\38\abcbank\bankserver\x64\debug\bankserver.pdb
h:\cppthirdseasoncourse\38\abcbank\bankserver\x64\debug\bankserver.tlog\cl.command.1.tlog
h:\cppthirdseasoncourse\38\abcbank\bankserver\x64\debug\bankserver.tlog\cl.read.1.tlog
h:\cppthirdseasoncourse\38\abcbank\bankserver\x64\debug\bankserver.tlog\cl.write.1.tlog
h:\cppthirdseasoncourse\38\abcbank\bankserver\x64\debug\bankserver.tlog\link-cvtres.read.1.tlog
h:\cppthirdseasoncourse\38\abcbank\bankserver\x64\debug\bankserver.tlog\link-cvtres.write.1.tlog
h:\cppthirdseasoncourse\38\abcbank\bankserver\x64\debug\bankserver.tlog\link-rc.read.1.tlog
h:\cppthirdseasoncourse\38\abcbank\bankserver\x64\debug\bankserver.tlog\link-rc.write.1.tlog
h:\cppthirdseasoncourse\38\abcbank\bankserver\x64\debug\bankserver.tlog\link.command.1.tlog
h:\cppthirdseasoncourse\38\abcbank\bankserver\x64\debug\bankserver.tlog\link.read.1.tlog
h:\cppthirdseasoncourse\38\abcbank\bankserver\x64\debug\bankserver.tlog\link.write.1.tlog
